2020/02/24 17:47:47 Failed to import image: open /Users/ignat/.bravetools/images/brave-base-alpine38-1.0.tar.gz: no such file or directory,1
Image deleted. Fingerprint:  8f24ff9c9d3699e11349d39096c2c0987a85a449dc281cc469f1a5d1f2e1543f,0
Image imported,0
Unit launched:  alpine38-python3,0
Executing command:  alpine38-python3 [apk update],0
fetch http://dl-cdn.alpinelinux.org/alpine/v3.8/main/x86_64/APKINDEX.tar.gz,0
fetch http://dl-cdn.alpinelinux.org/alpine/v3.8/community/x86_64/APKINDEX.tar.gz,0
v3.8.5-7-g603173745d [http://dl-cdn.alpinelinux.org/alpine/v3.8/main],0
v3.8.4-286-gda0d4ca4ff [http://dl-cdn.alpinelinux.org/alpine/v3.8/community],0
OK: 9563 distinct packages available,0
Executing command:  alpine38-python3 [apk --no-cache add bash gcc g++ python3 python3-dev openblas-dev],0
fetch http://dl-cdn.alpinelinux.org/alpine/v3.8/main/x86_64/APKINDEX.tar.gz,0
fetch http://dl-cdn.alpinelinux.org/alpine/v3.8/community/x86_64/APKINDEX.tar.gz,0
(1/28) Installing libgcc (6.4.0-r9),0
(2/28) Installing libstdc++ (6.4.0-r9),0
(3/28) Installing binutils (2.30-r6),0
(4/28) Installing gmp (6.1.2-r1),0
(5/28) Installing isl (0.18-r0),0
(6/28) Installing libgomp (6.4.0-r9),0
(7/28) Installing libatomic (6.4.0-r9),0
(8/28) Installing pkgconf (1.5.3-r0),0
(9/28) Installing mpfr3 (3.1.5-r1),0
(10/28) Installing mpc1 (1.0.3-r1),0
(11/28) Installing gcc (6.4.0-r9),0
(12/28) Installing musl-dev (1.1.19-r11),0
(13/28) Installing libc-dev (0.7.1-r0),0
(14/28) Installing g++ (6.4.0-r9),0
(15/28) Installing libquadmath (6.4.0-r9),0
(16/28) Installing libgfortran (6.4.0-r9),0
(17/28) Installing gfortran (6.4.0-r9),0
(18/28) Installing openblas-ilp64 (0.3.0-r0),0
(19/28) Installing openblas (0.3.0-r0),0
(20/28) Installing openblas-dev (0.3.0-r0),0
(21/28) Installing libbz2 (1.0.6-r7),0
(22/28) Installing expat (2.2.8-r0),0
(23/28) Installing libffi (3.2.1-r4),0
(24/28) Installing gdbm (1.13-r1),0
(25/28) Installing xz-libs (5.2.4-r0),0
(26/28) Installing sqlite-libs (3.25.3-r3),0
(27/28) Installing python3 (3.6.9-r1),0
(28/28) Installing python3-dev (3.6.9-r1),0
Executing busybox-1.28.4-r3.trigger,0
OK: 469 MiB in 52 packages,0
Executing command:  alpine38-python3 [python3 -m ensurepip],0
Looking in links: /tmp/tmpfq07kf9y,0
Requirement already satisfied: setuptools in /usr/lib/python3.6/site-packages (40.6.2),0
Requirement already satisfied: pip in /usr/lib/python3.6/site-packages (18.1),0
Executing command:  alpine38-python3 [pip3 --no-cache-dir install --upgrade pip setuptools],0
Collecting pip,0
  Downloading https://files.pythonhosted.org/packages/54/0c/d01aa759fdc501a58f431eb594a17495f15b88da142ce14b5845662c13f3/pip-20.0.2-py2.py3-none-any.whl (1.4MB),0
Collecting setuptools,0
  Downloading https://files.pythonhosted.org/packages/3d/72/1c1498c1e908e0562b1e1cd30012580baa7d33b5b0ffdbeb5fde2462cc71/setuptools-45.2.0-py3-none-any.whl (584kB),0
Installing collected packages: pip, setuptools,0
  Found existing installation: pip 18.1,0
    Uninstalling pip-18.1:,0
      Successfully uninstalled pip-18.1,0
  Found existing installation: setuptools 40.6.2,0
    Uninstalling setuptools-40.6.2:,0
      Successfully uninstalled setuptools-40.6.2,0
Successfully installed pip-20.0.2 setuptools-45.2.0,0
Publishing unit ...,0
Exporting archive ...,0
Image exported,0
Cleaning ...,0
Image deleted. Fingerprint:  95419462fcc7d39ba7686ac555b0f5207ea439fdbf32e7a84dcf88160f5e6b2b,0
Image deleted. Fingerprint:  7bb489ebffea9d2d70a5e22909de1b0c9fb2ca5822a59c991c51d364ee6fbef3,0
Finalising ...,0
